Base path: C:/Program Files/Unity/Editor/Data
Pipe name: \\.\pipe\UnityShaderCompiler-64bit-3-5264
Cmd: getPlatforms
Cmd: compileSnippet
  api=1 type=0 insize=1706 outsize=169 kw=SOFTPARTICLES_OFF ok=1
Cmd: compileSnippet
  api=0 type=1 insize=1706 outsize=6 kw=SOFTPARTICLES_ON ok=1
Cmd: compileSnippet
  api=8 type=1 insize=1706 outsize=2283 kw=SOFTPARTICLES_ON ok=1
Cmd: compileSnippet
  api=8 type=0 insize=1482 outsize=1812 kw=SOFTPARTICLES_OFF ok=1
Cmd: compileSnippet
  api=8 type=0 insize=1482 outsize=2966 kw=SOFTPARTICLES_ON ok=1
Cmd: compileSnippet
  api=0 type=1 insize=1482 outsize=6 kw=SOFTPARTICLES_ON ok=1
Cmd: compileSnippet
  api=8 type=1 insize=1482 outsize=2438 kw=SOFTPARTICLES_ON ok=1
Cmd: compileSnippet
  api=0 type=0 insize=619 outsize=4181 kw= ok=1
Cmd: compileSnippet
  api=8 type=0 insize=794 outsize=6695 kw=SHADOWS_DEPTH ok=1
Cmd: compileSnippet
  api=1 type=1 insize=794 outsize=61 kw=SHADOWS_DEPTH ok=1
Cmd: compileSnippet
  api=8 type=1 insize=794 outsize=992 kw=SHADOWS_CUBE ok=1
Cmd: compileSnippet
  api=1 type=0 insize=631 outsize=1985 kw= ok=1
Cmd: compileSnippet
  api=1 type=1 insize=631 outsize=133 kw= ok=1
Cmd: compileSnippet
  api=0 type=0 insize=1004 outsize=1335 kw=SHADOWS_CUBE ok=1
Cmd: compileSnippet
  api=1 type=1 insize=1004 outsize=135 kw=SHADOWS_DEPTH ok=1
Cmd: compileSnippet
  api=8 type=1 insize=1004 outsize=1544 kw=SHADOWS_CUBE ok=1
Cmd: compileSnippet
  api=0 type=0 insize=990 outsize=450 kw= ok=1
Cmd: compileSnippet
  api=1 type=0 insize=2197 outsize=131 kw= ok=1
Cmd: compileSnippet
  api=8 type=0 insize=1207 outsize=1438 kw= ok=1
Cmd: compileSnippet
  api=8 type=1 insize=1207 outsize=1739 kw= ok=1
Cmd: compileSnippet
  error: 2 plat 0 at (123): 'gl_' : reserved built-in name\nCompiling Vertex program
  api=0 type=0 insize=7419 outsize=0 kw= ok=0
Cmd: compileSnippet
  api=0 type=1 insize=7419 outsize=6 kw= ok=1
Cmd: compileSnippet
  api=1 type=1 insize=2272 outsize=972 kw= ok=1
